<?xml version="1.0" encoding="UTF-8"?>
<testsuite name="com.example.banking.service.AccountServiceTestJava" tests="1" skipped="0" failures="0" errors="0" timestamp="2025-05-16T05:40:04" hostname="DESKTOP-QJQ6F7J" time="0.56">
  <properties/>
  <testcase name="deposit_shouldCallLockManager()" classname="com.example.banking.service.AccountServiceTestJava" time="0.56"/>
  <system-out><![CDATA[]]></system-out>
  <system-err><![CDATA[]]></system-err>
</testsuite>
