<?xml version="1.0" encoding="UTF-8"?>
<testsuite name="com.example.banking.service.AccountControllerTest" tests="1" skipped="0" failures="0" errors="0" timestamp="2025-05-16T12:26:35" hostname="DESKTOP-QJQ6F7J" time="0.221">
  <properties/>
  <testcase name="accounts_파라미터로_리턴값_테스트()" classname="com.example.banking.service.AccountControllerTest" time="0.221"/>
  <system-out><![CDATA[21:26:33.916 [Test worker] INFO org.springframework.test.context.support.AnnotationConfigContextLoaderUtils -- Could not detect default configuration classes for test class [com.example.banking.service.AccountControllerTest]: AccountControllerTest does not declare any static, non-private, non-final, nested classes annotated with @Configuration.
21:26:34.000 [Test worker] INFO org.springframework.boot.test.context.SpringBootTestContextBootstrapper -- Found @SpringBootConfiguration com.example.banking.BankingApplication for test class com.example.banking.service.AccountControllerTest

  .   ____          _            __ _ _
 /\\ / ___'_ __ _ _(_)_ __  __ _ \ \ \ \
( ( )\___ | '_ | '_| | '_ \/ _` | \ \ \ \
 \\/  ___)| |_)| | | | | || (_| |  ) ) ) )
  '  |____| .__|_| |_|_| |_\__, | / / / /
 =========|_|==============|___/=/_/_/_/
 :: Spring Boot ::                (v3.2.5)

2025-05-16T21:26:34.254+09:00  INFO 6724 --- [    Test worker] c.e.b.service.AccountControllerTest      : Starting AccountControllerTest using Java 17.0.13 with PID 6724 (started by Admin in C:\workspace\git\toss\banking-app-final)
2025-05-16T21:26:34.255+09:00  INFO 6724 --- [    Test worker] c.e.b.service.AccountControllerTest      : No active profile set, falling back to 1 default profile: "default"
2025-05-16T21:26:35.473+09:00  INFO 6724 --- [    Test worker] o.s.b.t.m.w.SpringBootMockServletContext : Initializing Spring TestDispatcherServlet ''
2025-05-16T21:26:35.473+09:00  INFO 6724 --- [    Test worker] o.s.t.web.servlet.TestDispatcherServlet  : Initializing Servlet ''
2025-05-16T21:26:35.476+09:00  INFO 6724 --- [    Test worker] o.s.t.web.servlet.TestDispatcherServlet  : Completed initialization in 2 ms
2025-05-16T21:26:35.497+09:00  INFO 6724 --- [    Test worker] c.e.b.service.AccountControllerTest      : Started AccountControllerTest in 1.451 seconds (process running for 2.139)
]]></system-out>
  <system-err><![CDATA[]]></system-err>
</testsuite>
