<?xml version="1.0" encoding="UTF-8"?>
<testsuite name="com.example.banking.service.CacheTest" tests="3" skipped="0" failures="0" errors="0" timestamp="2025-05-16T11:16:44" hostname="DESKTOP-QJQ6F7J" time="2.234">
  <properties/>
  <testcase name="cleanExpiredCache_는_만료된_항목을_제거해야_한다()" classname="com.example.banking.service.CacheTest" time="1.122"/>
  <testcase name="TTL_이_지나면_MISS_되어야_한다()" classname="com.example.banking.service.CacheTest" time="1.108"/>
  <testcase name="캐시에_저장_후_즉시_조회하면_HIT()" classname="com.example.banking.service.CacheTest" time="0.002"/>
  <system-out><![CDATA[this ttl: 1000
Cache MISS (InMemory): user1
this ttl: 1000
Cache MISS (InMemory): user1
this ttl: 1000
Cache HIT (InMemory): user1
]]></system-out>
  <system-err><![CDATA[]]></system-err>
</testsuite>
